<?xml version="1.0" encoding="UTF-8"?>
<!-- Generated by org.testng.reporters.JUnitReportReporter -->
<testsuite hostname="SSTDEVLT0010" failures="0" tests="2" name="com.qa.sstaiframework.tests.AgentValidationTest" time="24.584" errors="0" timestamp="2024-12-23T10:30:18 IST" skipped="0">
  <testcase classname="com.qa.sstaiframework.tests.AgentValidationTest" name="checkProfileValidationTest" time="15.681"/>
  <testcase classname="com.qa.sstaiframework.tests.AgentValidationTest" name="checkConfigValidationTest" time="8.903"/>
</testsuite> <!-- com.qa.sstaiframework.tests.AgentValidationTest -->
