<?xml version="1.0" encoding="UTF-8"?>
<!-- Generated by org.testng.reporters.JUnitReportReporter -->
<testsuite hostname="SSTDEVLT0010" failures="0" tests="1" name="com.qa.sstaiframework.tests.Models_EditTest" time="14.552" errors="0" timestamp="2025-01-09T15:33:57 IST" skipped="0">
  <testcase classname="com.qa.sstaiframework.tests.Models_EditTest" name="editModelTest" time="14.552"/>
</testsuite> <!-- com.qa.sstaiframework.tests.Models_EditTest -->
