<?xml version="1.0" encoding="UTF-8"?>
<!-- Generated by org.testng.reporters.JUnitReportReporter -->
<testsuite hostname="SSTDEVLT0010" failures="0" tests="2" name="com.qa.sstaiframework.tests.Agent_ValidationTest" time="45.797" errors="0" timestamp="2024-12-30T15:51:51 IST" skipped="0">
  <testcase classname="com.qa.sstaiframework.tests.Agent_ValidationTest" name="checkProfileValidationTest" time="36.312"/>
  <testcase classname="com.qa.sstaiframework.tests.Agent_ValidationTest" name="checkConfigValidationTest" time="9.485"/>
</testsuite> <!-- com.qa.sstaiframework.tests.Agent_ValidationTest -->
