<?xml version="1.0" encoding="UTF-8"?>
<!-- Generated by org.testng.reporters.JUnitReportReporter -->
<testsuite hostname="SSTDEVLT0010" failures="0" tests="1" name="com.qa.sstaiframework.tests.Models_PageTest" time="25.077" errors="0" timestamp="2025-01-07T15:21:21 IST" skipped="0">
  <testcase classname="com.qa.sstaiframework.tests.Models_PageTest" name="selectModelTest" time="25.077"/>
</testsuite> <!-- com.qa.sstaiframework.tests.Models_PageTest -->
