<?xml version="1.0" encoding="UTF-8"?>
<!-- Generated by org.testng.reporters.JUnitReportReporter -->
<testsuite hostname="SSTDEVLT0010" failures="0" tests="1" name="com.qa.sstaiframework.tests.Models_CreateTest" time="0.146" errors="0" timestamp="2025-01-09T12:25:40 IST" skipped="0">
  <testcase classname="com.qa.sstaiframework.tests.Models_CreateTest" name="checkCreatedModelTest" time="0.146"/>
</testsuite> <!-- com.qa.sstaiframework.tests.Models_CreateTest -->
