<?xml version="1.0" encoding="UTF-8"?>
<!-- Generated by org.testng.reporters.JUnitReportReporter -->
<testsuite hostname="SSTDEVLT0010" failures="0" tests="1" name="com.qa.sstaiframework.tests.Navigate_AgentTabsTest" time="30.019" errors="1" timestamp="2024-12-30T16:55:27 IST" skipped="0">
  <testcase classname="com.qa.sstaiframework.tests.Navigate_AgentTabsTest" name="switchBtwnSubAgentTabs" time="30.019">
    <error message="Error {
  message=&#039;Timeout 30000ms exceeded.
  name=&#039;TimeoutError
  stack=&#039;TimeoutError: Timeout 30000ms exceeded.
    at ProgressController.run (C:\Users\kaver\AppData\Local\Temp\playwright-java-13301111729573558295\package\lib\server\progress.js:78:26)
    at Frame.click (C:\Users\kaver\AppData\Local\Temp\playwright-java-13301111729573558295\package\lib\server\frames.js:996:23)
    at FrameDispatcher.click (C:\Users\kaver\AppData\Local\Temp\playwright-java-13301111729573558295\package\lib\server\dispatchers\frameDispatcher.js:158:30)
    at FrameDispatcher._handleCommand (C:\Users\kaver\AppData\Local\Temp\playwright-java-13301111729573558295\package\lib\server\dispatchers\dispatcher.js:94:40)
    at DispatcherConnection.dispatch (C:\Users\kaver\AppData\Local\Temp\playwright-java-13301111729573558295\package\lib\server\dispatchers\dispatcher.js:365:39)
}
Call log:
- waiting for locator(&quot;xpath=(//button[@id=&#039;controlled-tab-tab-agentDetails&#039;])[2]&quot;)
-   locator resolved to &lt;button role=&quot;tab&quot; type=&quot;button&quot; tabindex=&quot;-1&quot; class=&quot;na…&gt;Configurations&lt;/button&gt;
- attempting click action
-   waiting for element to be visible, enabled and stable
-   element is not visible
- retrying click action, attempt #1
-   waiting for element to be visible, enabled and stable
" type="com.microsoft.playwright.TimeoutError">
      <![CDATA[com.microsoft.playwright.TimeoutError: Error {
  message='Timeout 30000ms exceeded.
  name='TimeoutError
  stack='TimeoutError: Timeout 30000ms exceeded.
    at ProgressController.run (C:\Users\kaver\AppData\Local\Temp\playwright-java-13301111729573558295\package\lib\server\progress.js:78:26)
    at Frame.click (C:\Users\kaver\AppData\Local\Temp\playwright-java-13301111729573558295\package\lib\server\frames.js:996:23)
    at FrameDispatcher.click (C:\Users\kaver\AppData\Local\Temp\playwright-java-13301111729573558295\package\lib\server\dispatchers\frameDispatcher.js:158:30)
    at FrameDispatcher._handleCommand (C:\Users\kaver\AppData\Local\Temp\playwright-java-13301111729573558295\package\lib\server\dispatchers\dispatcher.js:94:40)
    at DispatcherConnection.dispatch (C:\Users\kaver\AppData\Local\Temp\playwright-java-13301111729573558295\package\lib\server\dispatchers\dispatcher.js:365:39)
}
Call log:
- waiting for locator("xpath=(//button[@id='controlled-tab-tab-agentDetails'])[2]")
-   locator resolved to <button role="tab" type="button" tabindex="-1" class="na…>Configurations</button>
- attempting click action
-   waiting for element to be visible, enabled and stable
-   element is not visible
- retrying click action, attempt #1
-   waiting for element to be visible, enabled and stable

at com.microsoft.playwright.impl.WaitableResult.get(WaitableResult.java:52)
at com.microsoft.playwright.impl.ChannelOwner.runUntil(ChannelOwner.java:120)
at com.microsoft.playwright.impl.Connection.sendMessage(Connection.java:130)
at com.microsoft.playwright.impl.ChannelOwner.sendMessage(ChannelOwner.java:106)
at com.microsoft.playwright.impl.FrameImpl.clickImpl(FrameImpl.java:252)
at com.microsoft.playwright.impl.PageImpl.lambda$click$18(PageImpl.java:620)
at com.microsoft.playwright.impl.LoggingSupport.lambda$withLogging$0(LoggingSupport.java:36)
at com.microsoft.playwright.impl.LoggingSupport.withLogging(LoggingSupport.java:47)
at com.microsoft.playwright.impl.ChannelOwner.withLogging(ChannelOwner.java:89)
at com.microsoft.playwright.impl.LoggingSupport.withLogging(LoggingSupport.java:35)
at com.microsoft.playwright.impl.PageImpl.click(PageImpl.java:619)
at com.microsoft.playwright.Page.click(Page.java:3801)
at com.qa.sstaiframework.pages.Agents_Page.switchBtwnSubAgentTabs(Agents_Page.java:147)
at com.qa.sstaiframework.tests.Navigate_AgentTabsTest.switchBtwnSubAgentTabs(Navigate_AgentTabsTest.java:38)
at java.base/jdk.internal.reflect.NativeMethodAccessorImpl.invoke0(Native Method)
at java.base/jdk.internal.reflect.NativeMethodAccessorImpl.invoke(NativeMethodAccessorImpl.java:77)
at java.base/jdk.internal.reflect.DelegatingMethodAccessorImpl.invoke(DelegatingMethodAccessorImpl.java:43)
at java.base/java.lang.reflect.Method.invoke(Method.java:568)
at org.testng.internal.invokers.MethodInvocationHelper.invokeMethod(MethodInvocationHelper.java:141)
at org.testng.internal.invokers.TestInvoker.invokeMethod(TestInvoker.java:686)
at org.testng.internal.invokers.TestInvoker.invokeTestMethod(TestInvoker.java:230)
at org.testng.internal.invokers.MethodRunner.runInSequence(MethodRunner.java:63)
at org.testng.internal.invokers.TestInvoker$MethodInvocationAgent.invoke(TestInvoker.java:992)
at org.testng.internal.invokers.TestInvoker.invokeTestMethods(TestInvoker.java:203)
at org.testng.internal.invokers.TestMethodWorker.invokeTestMethods(TestMethodWorker.java:154)
at org.testng.internal.invokers.TestMethodWorker.run(TestMethodWorker.java:134)
at java.base/java.util.ArrayList.forEach(ArrayList.java:1511)
at org.testng.TestRunner.privateRun(TestRunner.java:739)
at org.testng.TestRunner.run(TestRunner.java:614)
at org.testng.SuiteRunner.runTest(SuiteRunner.java:421)
at org.testng.SuiteRunner.runSequentially(SuiteRunner.java:413)
at org.testng.SuiteRunner.privateRun(SuiteRunner.java:373)
at org.testng.SuiteRunner.run(SuiteRunner.java:312)
at org.testng.SuiteRunnerWorker.runSuite(SuiteRunnerWorker.java:52)
at org.testng.SuiteRunnerWorker.run(SuiteRunnerWorker.java:95)
at org.testng.TestNG.runSuitesSequentially(TestNG.java:1274)
at org.testng.TestNG.runSuitesLocally(TestNG.java:1208)
at org.testng.TestNG.runSuites(TestNG.java:1112)
at org.testng.TestNG.run(TestNG.java:1079)
at org.testng.remote.AbstractRemoteTestNG.run(AbstractRemoteTestNG.java:115)
at org.testng.remote.RemoteTestNG.initAndRun(RemoteTestNG.java:293)
at org.testng.remote.RemoteTestNG.main(RemoteTestNG.java:91)
Caused by: com.microsoft.playwright.TimeoutError: Error {
  message='Timeout 30000ms exceeded.
  name='TimeoutError
  stack='TimeoutError: Timeout 30000ms exceeded.
    at ProgressController.run (C:\Users\kaver\AppData\Local\Temp\playwright-java-13301111729573558295\package\lib\server\progress.js:78:26)
    at Frame.click (C:\Users\kaver\AppData\Local\Temp\playwright-java-13301111729573558295\package\lib\server\frames.js:996:23)
    at FrameDispatcher.click (C:\Users\kaver\AppData\Local\Temp\playwright-java-13301111729573558295\package\lib\server\dispatchers\frameDispatcher.js:158:30)
    at FrameDispatcher._handleCommand (C:\Users\kaver\AppData\Local\Temp\playwright-java-13301111729573558295\package\lib\server\dispatchers\dispatcher.js:94:40)
    at DispatcherConnection.dispatch (C:\Users\kaver\AppData\Local\Temp\playwright-java-13301111729573558295\package\lib\server\dispatchers\dispatcher.js:365:39)
}
Call log:
- waiting for locator("xpath=(//button[@id='controlled-tab-tab-agentDetails'])[2]")
-   locator resolved to <button role="tab" type="button" tabindex="-1" class="na…>Configurations</button>
- attempting click action
-   waiting for element to be visible, enabled and stable
-   element is not visible
- retrying click action, attempt #1
-   waiting for element to be visible, enabled and stable

at com.microsoft.playwright.impl.Connection.dispatch(Connection.java:254)
at com.microsoft.playwright.impl.Connection.processOneMessage(Connection.java:211)
at com.microsoft.playwright.impl.ChannelOwner.runUntil(ChannelOwner.java:118)
... 40 more
]]>
    </error>
  </testcase> <!-- switchBtwnSubAgentTabs -->
</testsuite> <!-- com.qa.sstaiframework.tests.Navigate_AgentTabsTest -->
