<?xml version="1.0" encoding="UTF-8"?>
<!-- Generated by org.testng.reporters.JUnitReportReporter -->
<testsuite hostname="SSTDEVLT0010" failures="0" tests="1" name="com.qa.sstaiframework.tests.SubAgent_CreateTest" time="32.271" errors="0" timestamp="2025-01-09T08:36:26 IST" skipped="0">
  <testcase classname="com.qa.sstaiframework.tests.SubAgent_CreateTest" name="testCreateAgent" time="32.271"/>
</testsuite> <!-- com.qa.sstaiframework.tests.SubAgent_CreateTest -->
