<?xml version="1.0" encoding="UTF-8"?>
<!-- Generated by org.testng.reporters.JUnitReportReporter -->
<testsuite hostname="SSTDEVLT0010" failures="0" tests="3" name="com.qa.sstaiframework.tests.SubAgent_ValidationTest" time="68.119" errors="1" timestamp="2024-12-30T15:51:51 IST" skipped="2">
  <testcase classname="com.qa.sstaiframework.tests.SubAgent_ValidationTest" name="setUpAgentTest" time="68.118">
    <error message="Error {
  message=&#039;Timeout 30000ms exceeded.
  name=&#039;TimeoutError
  stack=&#039;TimeoutError: Timeout 30000ms exceeded.
    at ProgressController.run (C:\Users\kaver\AppData\Local\Temp\playwright-java-14250648681045103936\package\lib\server\progress.js:78:26)
    at Frame.selectOption (C:\Users\kaver\AppData\Local\Temp\playwright-java-14250648681045103936\package\lib\server\frames.js:1159:23)
    at FrameDispatcher.selectOption (C:\Users\kaver\AppData\Local\Temp\playwright-java-14250648681045103936\package\lib\server\dispatchers\frameDispatcher.js:242:33)
    at FrameDispatcher._handleCommand (C:\Users\kaver\AppData\Local\Temp\playwright-java-14250648681045103936\package\lib\server\dispatchers\dispatcher.js:94:40)
    at DispatcherConnection.dispatch (C:\Users\kaver\AppData\Local\Temp\playwright-java-14250648681045103936\package\lib\server\dispatchers\dispatcher.js:365:39)
}
Call log:
- waiting for locator(&quot;//select[contains(@class,&#039;form-select form-select-m&#039;)]&quot;)
-   locator resolved to &lt;select class=&quot;Agents_custom_select__CiLmN  form-select …&gt;…&lt;/select&gt;
- attempting select option action
-   waiting for element to be visible and enabled
-   did not find some options
- retrying select option action, attempt #1
-   waiting for element to be visible and enabled
-   did not find some options
- retrying select option action, attempt #2
-   waiting 20ms
-   waiting for element to be visible and enabled
-   did not find some options
- retrying select option action, attempt #3
-   waiting 100ms
-   waiting for element to be visible and enabled
-   did not find some options
- retrying select option action, attempt #4
-   waiting 100ms
-   waiting for element to be visible and enabled
-   did not find some options
- retrying select option action, attempt #5
-   waiting 500ms
-   waiting for element to be visible and enabled
-   did not find some options
- retrying select option action, attempt #6
-   waiting 500ms
-   waiting for element to be visible and enabled
-   did not find some options
- retrying select option action, attempt #7
-   waiting 500ms
-   waiting for element to be visible and enabled
-   did not find some options
- retrying select option action, attempt #8
-   waiting 500ms
-   waiting for element to be visible and enabled
-   did not find some options
- retrying select option action, attempt #9
-   waiting 500ms
-   waiting for element to be visible and enabled
-   did not find some options
- retrying select option action, attempt #10
-   waiting 500ms
-   waiting for element to be visible and enabled
-   did not find some options
- retrying select option action, attempt #11
-   waiting 500ms
-   waiting for element to be visible and enabled
-   did not find some options
- retrying select option action, attempt #12
-   waiting 500ms
-   waiting for element to be visible and enabled
-   did not find some options
- retrying select option action, attempt #13
-   waiting 500ms
-   waiting for element to be visible and enabled
-   did not find some options
- retrying select option action, attempt #14
-   waiting 500ms
-   waiting for element to be visible and enabled
-   did not find some options
- retrying select option action, attempt #15
-   waiting 500ms
-   waiting for element to be visible and enabled
-   did not find some options
- retrying select option action, attempt #16
-   waiting 500ms
-   waiting for element to be visible and enabled
-   did not find some options
- retrying select option action, attempt #17
-   waiting 500ms
-   waiting for element to be visible and enabled
-   did not find some options
- retrying select option action, attempt #18
-   waiting 500ms
-   waiting for element to be visible and enabled
-   did not find some options
- retrying select option action, attempt #19
-   waiting 500ms
-   waiting for element to be visible and enabled
-   did not find some options
- retrying select option action, attempt #20
-   waiting 500ms
-   waiting for element to be visible and enabled
-   did not find some options
- retrying select option action, attempt #21
-   waiting 500ms
-   waiting for element to be visible and enabled
-   did not find some options
- retrying select option action, attempt #22
-   waiting 500ms
-   waiting for element to be visible and enabled
-   did not find some options
- retrying select option action, attempt #23
-   waiting 500ms
-   waiting for element to be visible and enabled
-   did not find some options
- retrying select option action, attempt #24
-   waiting 500ms
-   waiting for element to be visible and enabled
-   did not find some options
- retrying select option action, attempt #25
-   waiting 500ms
-   waiting for element to be visible and enabled
-   did not find some options
- retrying select option action, attempt #26
-   waiting 500ms
-   waiting for element to be visible and enabled
-   did not find some options
- retrying select option action, attempt #27
-   waiting 500ms
-   waiting for element to be visible and enabled
-   did not find some options
- retrying select option action, attempt #28
-   waiting 500ms
-   waiting for element to be visible and enabled
-   did not find some options
- retrying select option action, attempt #29
-   waiting 500ms
-   waiting for element to be visible and enabled
-   did not find some options
- retrying select option action, attempt #30
-   waiting 500ms
-   waiting for element to be visible and enabled
-   did not find some options
- retrying select option action, attempt #31
-   waiting 500ms
-   waiting for element to be visible and enabled
-   did not find some options
- retrying select option action, attempt #32
-   waiting 500ms
-   waiting for element to be visible and enabled
-   did not find some options
- retrying select option action, attempt #33
-   waiting 500ms
-   waiting for element to be visible and enabled
-   did not find some options
- retrying select option action, attempt #34
-   waiting 500ms
-   waiting for element to be visible and enabled
-   did not find some options
- retrying select option action, attempt #35
-   waiting 500ms
-   waiting for element to be visible and enabled
-   did not find some options
- retrying select option action, attempt #36
-   waiting 500ms
-   waiting for element to be visible and enabled
-   did not find some options
- retrying select option action, attempt #37
-   waiting 500ms
-   waiting for element to be visible and enabled
-   did not find some options
- retrying select option action, attempt #38
-   waiting 500ms
-   waiting for element to be visible and enabled
-   did not find some options
- retrying select option action, attempt #39
-   waiting 500ms
-   waiting for element to be visible and enabled
-   did not find some options
- retrying select option action, attempt #40
-   waiting 500ms
-   waiting for element to be visible and enabled
-   did not find some options
- retrying select option action, attempt #41
-   waiting 500ms
-   waiting for element to be visible and enabled
-   did not find some options
- retrying select option action, attempt #42
-   waiting 500ms
-   waiting for element to be visible and enabled
-   did not find some options
- retrying select option action, attempt #43
-   waiting 500ms
-   waiting for element to be visible and enabled
-   did not find some options
- retrying select option action, attempt #44
-   waiting 500ms
-   waiting for element to be visible and enabled
-   did not find some options
- retrying select option action, attempt #45
-   waiting 500ms
-   waiting for element to be visible and enabled
-   did not find some options
- retrying select option action, attempt #46
-   waiting 500ms
-   waiting for element to be visible and enabled
-   did not find some options
- retrying select option action, attempt #47
-   waiting 500ms
" type="com.microsoft.playwright.TimeoutError">
      <![CDATA[com.microsoft.playwright.TimeoutError: Error {
  message='Timeout 30000ms exceeded.
  name='TimeoutError
  stack='TimeoutError: Timeout 30000ms exceeded.
    at ProgressController.run (C:\Users\kaver\AppData\Local\Temp\playwright-java-14250648681045103936\package\lib\server\progress.js:78:26)
    at Frame.selectOption (C:\Users\kaver\AppData\Local\Temp\playwright-java-14250648681045103936\package\lib\server\frames.js:1159:23)
    at FrameDispatcher.selectOption (C:\Users\kaver\AppData\Local\Temp\playwright-java-14250648681045103936\package\lib\server\dispatchers\frameDispatcher.js:242:33)
    at FrameDispatcher._handleCommand (C:\Users\kaver\AppData\Local\Temp\playwright-java-14250648681045103936\package\lib\server\dispatchers\dispatcher.js:94:40)
    at DispatcherConnection.dispatch (C:\Users\kaver\AppData\Local\Temp\playwright-java-14250648681045103936\package\lib\server\dispatchers\dispatcher.js:365:39)
}
Call log:
- waiting for locator("//select[contains(@class,'form-select form-select-m')]")
-   locator resolved to <select class="Agents_custom_select__CiLmN  form-select …>…</select>
- attempting select option action
-   waiting for element to be visible and enabled
-   did not find some options
- retrying select option action, attempt #1
-   waiting for element to be visible and enabled
-   did not find some options
- retrying select option action, attempt #2
-   waiting 20ms
-   waiting for element to be visible and enabled
-   did not find some options
- retrying select option action, attempt #3
-   waiting 100ms
-   waiting for element to be visible and enabled
-   did not find some options
- retrying select option action, attempt #4
-   waiting 100ms
-   waiting for element to be visible and enabled
-   did not find some options
- retrying select option action, attempt #5
-   waiting 500ms
-   waiting for element to be visible and enabled
-   did not find some options
- retrying select option action, attempt #6
-   waiting 500ms
-   waiting for element to be visible and enabled
-   did not find some options
- retrying select option action, attempt #7
-   waiting 500ms
-   waiting for element to be visible and enabled
-   did not find some options
- retrying select option action, attempt #8
-   waiting 500ms
-   waiting for element to be visible and enabled
-   did not find some options
- retrying select option action, attempt #9
-   waiting 500ms
-   waiting for element to be visible and enabled
-   did not find some options
- retrying select option action, attempt #10
-   waiting 500ms
-   waiting for element to be visible and enabled
-   did not find some options
- retrying select option action, attempt #11
-   waiting 500ms
-   waiting for element to be visible and enabled
-   did not find some options
- retrying select option action, attempt #12
-   waiting 500ms
-   waiting for element to be visible and enabled
-   did not find some options
- retrying select option action, attempt #13
-   waiting 500ms
-   waiting for element to be visible and enabled
-   did not find some options
- retrying select option action, attempt #14
-   waiting 500ms
-   waiting for element to be visible and enabled
-   did not find some options
- retrying select option action, attempt #15
-   waiting 500ms
-   waiting for element to be visible and enabled
-   did not find some options
- retrying select option action, attempt #16
-   waiting 500ms
-   waiting for element to be visible and enabled
-   did not find some options
- retrying select option action, attempt #17
-   waiting 500ms
-   waiting for element to be visible and enabled
-   did not find some options
- retrying select option action, attempt #18
-   waiting 500ms
-   waiting for element to be visible and enabled
-   did not find some options
- retrying select option action, attempt #19
-   waiting 500ms
-   waiting for element to be visible and enabled
-   did not find some options
- retrying select option action, attempt #20
-   waiting 500ms
-   waiting for element to be visible and enabled
-   did not find some options
- retrying select option action, attempt #21
-   waiting 500ms
-   waiting for element to be visible and enabled
-   did not find some options
- retrying select option action, attempt #22
-   waiting 500ms
-   waiting for element to be visible and enabled
-   did not find some options
- retrying select option action, attempt #23
-   waiting 500ms
-   waiting for element to be visible and enabled
-   did not find some options
- retrying select option action, attempt #24
-   waiting 500ms
-   waiting for element to be visible and enabled
-   did not find some options
- retrying select option action, attempt #25
-   waiting 500ms
-   waiting for element to be visible and enabled
-   did not find some options
- retrying select option action, attempt #26
-   waiting 500ms
-   waiting for element to be visible and enabled
-   did not find some options
- retrying select option action, attempt #27
-   waiting 500ms
-   waiting for element to be visible and enabled
-   did not find some options
- retrying select option action, attempt #28
-   waiting 500ms
-   waiting for element to be visible and enabled
-   did not find some options
- retrying select option action, attempt #29
-   waiting 500ms
-   waiting for element to be visible and enabled
-   did not find some options
- retrying select option action, attempt #30
-   waiting 500ms
-   waiting for element to be visible and enabled
-   did not find some options
- retrying select option action, attempt #31
-   waiting 500ms
-   waiting for element to be visible and enabled
-   did not find some options
- retrying select option action, attempt #32
-   waiting 500ms
-   waiting for element to be visible and enabled
-   did not find some options
- retrying select option action, attempt #33
-   waiting 500ms
-   waiting for element to be visible and enabled
-   did not find some options
- retrying select option action, attempt #34
-   waiting 500ms
-   waiting for element to be visible and enabled
-   did not find some options
- retrying select option action, attempt #35
-   waiting 500ms
-   waiting for element to be visible and enabled
-   did not find some options
- retrying select option action, attempt #36
-   waiting 500ms
-   waiting for element to be visible and enabled
-   did not find some options
- retrying select option action, attempt #37
-   waiting 500ms
-   waiting for element to be visible and enabled
-   did not find some options
- retrying select option action, attempt #38
-   waiting 500ms
-   waiting for element to be visible and enabled
-   did not find some options
- retrying select option action, attempt #39
-   waiting 500ms
-   waiting for element to be visible and enabled
-   did not find some options
- retrying select option action, attempt #40
-   waiting 500ms
-   waiting for element to be visible and enabled
-   did not find some options
- retrying select option action, attempt #41
-   waiting 500ms
-   waiting for element to be visible and enabled
-   did not find some options
- retrying select option action, attempt #42
-   waiting 500ms
-   waiting for element to be visible and enabled
-   did not find some options
- retrying select option action, attempt #43
-   waiting 500ms
-   waiting for element to be visible and enabled
-   did not find some options
- retrying select option action, attempt #44
-   waiting 500ms
-   waiting for element to be visible and enabled
-   did not find some options
- retrying select option action, attempt #45
-   waiting 500ms
-   waiting for element to be visible and enabled
-   did not find some options
- retrying select option action, attempt #46
-   waiting 500ms
-   waiting for element to be visible and enabled
-   did not find some options
- retrying select option action, attempt #47
-   waiting 500ms

at com.microsoft.playwright.impl.WaitableResult.get(WaitableResult.java:52)
at com.microsoft.playwright.impl.ChannelOwner.runUntil(ChannelOwner.java:120)
at com.microsoft.playwright.impl.Connection.sendMessage(Connection.java:130)
at com.microsoft.playwright.impl.ChannelOwner.sendMessage(ChannelOwner.java:106)
at com.microsoft.playwright.impl.FrameImpl.selectOption(FrameImpl.java:722)
at com.microsoft.playwright.impl.FrameImpl.selectOptionImpl(FrameImpl.java:701)
at com.microsoft.playwright.impl.PageImpl.lambda$selectOption$67(PageImpl.java:1090)
at com.microsoft.playwright.impl.LoggingSupport.withLogging(LoggingSupport.java:47)
at com.microsoft.playwright.impl.ChannelOwner.withLogging(ChannelOwner.java:89)
at com.microsoft.playwright.impl.PageImpl.selectOption(PageImpl.java:1089)
at com.microsoft.playwright.impl.PageImpl.selectOption(PageImpl.java:1078)
at com.microsoft.playwright.Page.selectOption(Page.java:6424)
at com.qa.sstaiframework.pages.AgentsPage.selectCreatedAgent(AgentsPage.java:78)
at com.qa.sstaiframework.tests.SubAgent_ValidationTest.setUpAgentTest(SubAgent_ValidationTest.java:31)
at java.base/jdk.internal.reflect.NativeMethodAccessorImpl.invoke0(Native Method)
at java.base/jdk.internal.reflect.NativeMethodAccessorImpl.invoke(NativeMethodAccessorImpl.java:77)
at java.base/jdk.internal.reflect.DelegatingMethodAccessorImpl.invoke(DelegatingMethodAccessorImpl.java:43)
at java.base/java.lang.reflect.Method.invoke(Method.java:568)
at org.testng.internal.invokers.MethodInvocationHelper.invokeMethod(MethodInvocationHelper.java:141)
at org.testng.internal.invokers.MethodInvocationHelper.invokeMethodConsideringTimeout(MethodInvocationHelper.java:71)
at org.testng.internal.invokers.ConfigInvoker.invokeConfigurationMethod(ConfigInvoker.java:400)
at org.testng.internal.invokers.ConfigInvoker.invokeConfigurations(ConfigInvoker.java:333)
at org.testng.internal.invokers.TestMethodWorker.invokeBeforeClassMethods(TestMethodWorker.java:188)
at org.testng.internal.invokers.TestMethodWorker.run(TestMethodWorker.java:128)
at java.base/java.util.ArrayList.forEach(ArrayList.java:1511)
at org.testng.TestRunner.privateRun(TestRunner.java:739)
at org.testng.TestRunner.run(TestRunner.java:614)
at org.testng.SuiteRunner.runTest(SuiteRunner.java:421)
at org.testng.SuiteRunner.runSequentially(SuiteRunner.java:413)
at org.testng.SuiteRunner.privateRun(SuiteRunner.java:373)
at org.testng.SuiteRunner.run(SuiteRunner.java:312)
at org.testng.SuiteRunnerWorker.runSuite(SuiteRunnerWorker.java:52)
at org.testng.SuiteRunnerWorker.run(SuiteRunnerWorker.java:95)
at org.testng.TestNG.runSuitesSequentially(TestNG.java:1274)
at org.testng.TestNG.runSuitesLocally(TestNG.java:1208)
at org.testng.TestNG.runSuites(TestNG.java:1112)
at org.testng.TestNG.run(TestNG.java:1079)
at org.testng.remote.AbstractRemoteTestNG.run(AbstractRemoteTestNG.java:115)
at org.testng.remote.RemoteTestNG.initAndRun(RemoteTestNG.java:293)
at org.testng.remote.RemoteTestNG.main(RemoteTestNG.java:91)
Caused by: com.microsoft.playwright.TimeoutError: Error {
  message='Timeout 30000ms exceeded.
  name='TimeoutError
  stack='TimeoutError: Timeout 30000ms exceeded.
    at ProgressController.run (C:\Users\kaver\AppData\Local\Temp\playwright-java-14250648681045103936\package\lib\server\progress.js:78:26)
    at Frame.selectOption (C:\Users\kaver\AppData\Local\Temp\playwright-java-14250648681045103936\package\lib\server\frames.js:1159:23)
    at FrameDispatcher.selectOption (C:\Users\kaver\AppData\Local\Temp\playwright-java-14250648681045103936\package\lib\server\dispatchers\frameDispatcher.js:242:33)
    at FrameDispatcher._handleCommand (C:\Users\kaver\AppData\Local\Temp\playwright-java-14250648681045103936\package\lib\server\dispatchers\dispatcher.js:94:40)
    at DispatcherConnection.dispatch (C:\Users\kaver\AppData\Local\Temp\playwright-java-14250648681045103936\package\lib\server\dispatchers\dispatcher.js:365:39)
}
Call log:
- waiting for locator("//select[contains(@class,'form-select form-select-m')]")
-   locator resolved to <select class="Agents_custom_select__CiLmN  form-select …>…</select>
- attempting select option action
-   waiting for element to be visible and enabled
-   did not find some options
- retrying select option action, attempt #1
-   waiting for element to be visible and enabled
-   did not find some options
- retrying select option action, attempt #2
-   waiting 20ms
-   waiting for element to be visible and enabled
-   did not find some options
- retrying select option action, attempt #3
-   waiting 100ms
-   waiting for element to be visible and enabled
-   did not find some options
- retrying select option action, attempt #4
-   waiting 100ms
-   waiting for element to be visible and enabled
-   did not find some options
- retrying select option action, attempt #5
-   waiting 500ms
-   waiting for element to be visible and enabled
-   did not find some options
- retrying select option action, attempt #6
-   waiting 500ms
-   waiting for element to be visible and enabled
-   did not find some options
- retrying select option action, attempt #7
-   waiting 500ms
-   waiting for element to be visible and enabled
-   did not find some options
- retrying select option action, attempt #8
-   waiting 500ms
-   waiting for element to be visible and enabled
-   did not find some options
- retrying select option action, attempt #9
-   waiting 500ms
-   waiting for element to be visible and enabled
-   did not find some options
- retrying select option action, attempt #10
-   waiting 500ms
-   waiting for element to be visible and enabled
-   did not find some options
- retrying select option action, attempt #11
-   waiting 500ms
-   waiting for element to be visible and enabled
-   did not find some options
- retrying select option action, attempt #12
-   waiting 500ms
-   waiting for element to be visible and enabled
-   did not find some options
- retrying select option action, attempt #13
-   waiting 500ms
-   waiting for element to be visible and enabled
-   did not find some options
- retrying select option action, attempt #14
-   waiting 500ms
-   waiting for element to be visible and enabled
-   did not find some options
- retrying select option action, attempt #15
-   waiting 500ms
-   waiting for element to be visible and enabled
-   did not find some options
- retrying select option action, attempt #16
-   waiting 500ms
-   waiting for element to be visible and enabled
-   did not find some options
- retrying select option action, attempt #17
-   waiting 500ms
-   waiting for element to be visible and enabled
-   did not find some options
- retrying select option action, attempt #18
-   waiting 500ms
-   waiting for element to be visible and enabled
-   did not find some options
- retrying select option action, attempt #19
-   waiting 500ms
-   waiting for element to be visible and enabled
-   did not find some options
- retrying select option action, attempt #20
-   waiting 500ms
-   waiting for element to be visible and enabled
-   did not find some options
- retrying select option action, attempt #21
-   waiting 500ms
-   waiting for element to be visible and enabled
-   did not find some options
- retrying select option action, attempt #22
-   waiting 500ms
-   waiting for element to be visible and enabled
-   did not find some options
- retrying select option action, attempt #23
-   waiting 500ms
-   waiting for element to be visible and enabled
-   did not find some options
- retrying select option action, attempt #24
-   waiting 500ms
-   waiting for element to be visible and enabled
-   did not find some options
- retrying select option action, attempt #25
-   waiting 500ms
-   waiting for element to be visible and enabled
-   did not find some options
- retrying select option action, attempt #26
-   waiting 500ms
-   waiting for element to be visible and enabled
-   did not find some options
- retrying select option action, attempt #27
-   waiting 500ms
-   waiting for element to be visible and enabled
-   did not find some options
- retrying select option action, attempt #28
-   waiting 500ms
-   waiting for element to be visible and enabled
-   did not find some options
- retrying select option action, attempt #29
-   waiting 500ms
-   waiting for element to be visible and enabled
-   did not find some options
- retrying select option action, attempt #30
-   waiting 500ms
-   waiting for element to be visible and enabled
-   did not find some options
- retrying select option action, attempt #31
-   waiting 500ms
-   waiting for element to be visible and enabled
-   did not find some options
- retrying select option action, attempt #32
-   waiting 500ms
-   waiting for element to be visible and enabled
-   did not find some options
- retrying select option action, attempt #33
-   waiting 500ms
-   waiting for element to be visible and enabled
-   did not find some options
- retrying select option action, attempt #34
-   waiting 500ms
-   waiting for element to be visible and enabled
-   did not find some options
- retrying select option action, attempt #35
-   waiting 500ms
-   waiting for element to be visible and enabled
-   did not find some options
- retrying select option action, attempt #36
-   waiting 500ms
-   waiting for element to be visible and enabled
-   did not find some options
- retrying select option action, attempt #37
-   waiting 500ms
-   waiting for element to be visible and enabled
-   did not find some options
- retrying select option action, attempt #38
-   waiting 500ms
-   waiting for element to be visible and enabled
-   did not find some options
- retrying select option action, attempt #39
-   waiting 500ms
-   waiting for element to be visible and enabled
-   did not find some options
- retrying select option action, attempt #40
-   waiting 500ms
-   waiting for element to be visible and enabled
-   did not find some options
- retrying select option action, attempt #41
-   waiting 500ms
-   waiting for element to be visible and enabled
-   did not find some options
- retrying select option action, attempt #42
-   waiting 500ms
-   waiting for element to be visible and enabled
-   did not find some options
- retrying select option action, attempt #43
-   waiting 500ms
-   waiting for element to be visible and enabled
-   did not find some options
- retrying select option action, attempt #44
-   waiting 500ms
-   waiting for element to be visible and enabled
-   did not find some options
- retrying select option action, attempt #45
-   waiting 500ms
-   waiting for element to be visible and enabled
-   did not find some options
- retrying select option action, attempt #46
-   waiting 500ms
-   waiting for element to be visible and enabled
-   did not find some options
- retrying select option action, attempt #47
-   waiting 500ms

at com.microsoft.playwright.impl.Connection.dispatch(Connection.java:254)
at com.microsoft.playwright.impl.Connection.processOneMessage(Connection.java:211)
at com.microsoft.playwright.impl.ChannelOwner.runUntil(ChannelOwner.java:118)
... 38 more
]]>
    </error>
  </testcase> <!-- setUpAgentTest -->
  <testcase classname="com.qa.sstaiframework.tests.SubAgent_ValidationTest" name="checkProfileValidationTest" time="0.000">
    <skipped/>
  </testcase> <!-- checkProfileValidationTest -->
  <testcase classname="com.qa.sstaiframework.tests.SubAgent_ValidationTest" name="checkConfigValidationTest" time="0.001">
    <skipped/>
  </testcase> <!-- checkConfigValidationTest -->
</testsuite> <!-- com.qa.sstaiframework.tests.SubAgent_ValidationTest -->
