<?xml version="1.0" encoding="UTF-8"?>
<!-- Generated by org.testng.reporters.JUnitReportReporter -->
<testsuite hostname="SSTDEVLT0010" failures="0" tests="2" name="com.qa.sstaiframework.tests.SubAgentValidationTest" time="17.677" errors="0" timestamp="2024-12-30T12:05:47 IST" skipped="0">
  <testcase classname="com.qa.sstaiframework.tests.SubAgentValidationTest" name="checkProfileValidationTest" time="8.729"/>
  <testcase classname="com.qa.sstaiframework.tests.SubAgentValidationTest" name="checkConfigValidationTest" time="8.948"/>
</testsuite> <!-- com.qa.sstaiframework.tests.SubAgentValidationTest -->
