<?xml version="1.0" encoding="UTF-8"?>
<!-- Generated by org.testng.reporters.JUnitReportReporter -->
<testsuite hostname="SSTDEVLT0010" failures="0" tests="1" name="com.qa.sstaiframework.tests.CreateSubAgentTest" time="23.741" errors="0" timestamp="2024-12-30T12:15:16 IST" skipped="0">
  <testcase classname="com.qa.sstaiframework.tests.CreateSubAgentTest" name="testCreateAgent" time="23.741"/>
</testsuite> <!-- com.qa.sstaiframework.tests.CreateSubAgentTest -->
