<?xml version="1.0" encoding="UTF-8"?>
<!-- Generated by org.testng.reporters.JUnitReportReporter -->
<testsuite hostname="SSTDEVLT0010" failures="0" tests="2" name="com.qa.sstaiframework.tests.Login_ProcessTest" time="0.045" errors="0" timestamp="2025-01-07T15:34:15 IST" skipped="0">
  <testcase classname="com.qa.sstaiframework.tests.Login_ProcessTest" name="getLoginPageTitleTest" time="0.014"/>
  <testcase classname="com.qa.sstaiframework.tests.Login_ProcessTest" name="getchatHeadingTest" time="0.031"/>
</testsuite> <!-- com.qa.sstaiframework.tests.Login_ProcessTest -->
