<?xml version="1.0" encoding="UTF-8"?>
<!-- Generated by org.testng.reporters.JUnitReportReporter -->
<testsuite hostname="SSTDEVLT0010" failures="0" tests="2" name="com.qa.sstaiframework.tests.LoginProcessTest" time="0.061" errors="0" timestamp="2024-12-23T08:14:18 IST" skipped="0">
  <testcase classname="com.qa.sstaiframework.tests.LoginProcessTest" name="getLoginPageTitleTest" time="0.022"/>
  <testcase classname="com.qa.sstaiframework.tests.LoginProcessTest" name="getchatHeadingTest" time="0.039"/>
</testsuite> <!-- com.qa.sstaiframework.tests.LoginProcessTest -->
