<?xml version="1.0" encoding="UTF-8"?>
<!-- Generated by org.testng.reporters.JUnitReportReporter -->
<testsuite hostname="SSTDEVLT0010" failures="0" tests="1" name="com.qa.sstaiframework.tests.Agent_EditTest" time="30.942" errors="0" timestamp="2024-12-31T16:25:16 IST" skipped="0">
  <testcase classname="com.qa.sstaiframework.tests.Agent_EditTest" name="editAgentTest" time="30.942"/>
</testsuite> <!-- com.qa.sstaiframework.tests.Agent_EditTest -->
