<?xml version="1.0" encoding="UTF-8"?>
<!-- Generated by org.testng.reporters.JUnitReportReporter -->
<testsuite hostname="SSTDEVLT0010" failures="0" tests="2" name="com.qa.sstaiframework.pages.Navigate_AgentTabsTest" time="10.903" errors="0" timestamp="2024-12-23T12:40:22 IST" skipped="0">
  <testcase classname="com.qa.sstaiframework.pages.Navigate_AgentTabsTest" name="switchBtwnTabsTest" time="5.626"/>
  <testcase classname="com.qa.sstaiframework.pages.Navigate_AgentTabsTest" name="NextBtnSwitchTabsTest" time="5.277"/>
</testsuite> <!-- com.qa.sstaiframework.pages.Navigate_AgentTabsTest -->
