<?xml version="1.0" encoding="UTF-8"?>
<!-- Generated by org.testng.reporters.JUnitReportReporter -->
<testsuite hostname="SSTDEVLT0010" failures="0" tests="1" name="com.qa.sstaiframework.tests.CreateAgentTest" time="21.744" errors="0" timestamp="2024-12-20T16:03:20 IST" skipped="0">
  <testcase classname="com.qa.sstaiframework.tests.CreateAgentTest" name="testCreateAgent" time="21.744"/>
</testsuite> <!-- com.qa.sstaiframework.tests.CreateAgentTest -->
