<?xml version="1.0" encoding="UTF-8"?>
<!-- Generated by org.testng.reporters.JUnitReportReporter -->
<testsuite hostname="SSTDEVLT0010" failures="0" tests="3" name="com.qa.sstaiframework.tests.Models_PageTest" time="52.470" errors="0" timestamp="2025-01-09T09:47:07 IST" skipped="0">
  <testcase classname="com.qa.sstaiframework.tests.Models_PageTest" name="searchModelTest" time="8.099"/>
  <testcase classname="com.qa.sstaiframework.tests.Models_PageTest" name="clickCreteModelTest" time="15.867"/>
  <testcase classname="com.qa.sstaiframework.tests.Models_PageTest" name="selectModelTest" time="28.504"/>
</testsuite> <!-- com.qa.sstaiframework.tests.Models_PageTest -->
