<?xml version="1.0" encoding="UTF-8"?>
<!-- Generated by org.testng.reporters.JUnitReportReporter -->
<testsuite hostname="SSTDEVLT0010" failures="0" tests="1" name="com.qa.sstaiframework.tests.Agent_CreateTest" time="59.364" errors="1" timestamp="2025-01-13T16:10:33 IST" skipped="0">
  <testcase classname="com.qa.sstaiframework.tests.Agent_CreateTest" name="testCreateAgent" time="59.364">
    <error message="Error {
  message=&#039;Timeout 30000ms exceeded.
  name=&#039;TimeoutError
  stack=&#039;TimeoutError: Timeout 30000ms exceeded.
    at ProgressController.run (C:\Users\kaver\AppData\Local\Temp\playwright-java-4533936310448268742\package\lib\server\progress.js:78:26)
    at Frame.selectOption (C:\Users\kaver\AppData\Local\Temp\playwright-java-4533936310448268742\package\lib\server\frames.js:1159:23)
    at FrameDispatcher.selectOption (C:\Users\kaver\AppData\Local\Temp\playwright-java-4533936310448268742\package\lib\server\dispatchers\frameDispatcher.js:242:33)
    at FrameDispatcher._handleCommand (C:\Users\kaver\AppData\Local\Temp\playwright-java-4533936310448268742\package\lib\server\dispatchers\dispatcher.js:94:40)
    at DispatcherConnection.dispatch (C:\Users\kaver\AppData\Local\Temp\playwright-java-4533936310448268742\package\lib\server\dispatchers\dispatcher.js:365:39)
}
Call log:
- waiting for locator(&quot;select[name=&#039;modelName&#039;]&quot;)
-   locator resolved to &lt;select name=&quot;modelName&quot; class=&quot;NewAgentDetail_inputStyl…&gt;…&lt;/select&gt;
- attempting select option action
-   waiting for element to be visible and enabled
-   element is not visible
- retrying select option action, attempt #1
-   waiting for element to be visible and enabled
-   element is not visible
- retrying select option action, attempt #2
-   waiting 20ms
-   waiting for element to be visible and enabled
-   element is not visible
- retrying select option action, attempt #3
-   waiting 100ms
-   waiting for element to be visible and enabled
-   element is not visible
- retrying select option action, attempt #4
-   waiting 100ms
-   waiting for element to be visible and enabled
-   element is not visible
- retrying select option action, attempt #5
-   waiting 500ms
-   waiting for element to be visible and enabled
-   element is not visible
- retrying select option action, attempt #6
-   waiting 500ms
-   waiting for element to be visible and enabled
-   element is not visible
- retrying select option action, attempt #7
-   waiting 500ms
-   waiting for element to be visible and enabled
-   element is not visible
- retrying select option action, attempt #8
-   waiting 500ms
-   waiting for element to be visible and enabled
-   element is not visible
- retrying select option action, attempt #9
-   waiting 500ms
-   waiting for element to be visible and enabled
-   element is not visible
- retrying select option action, attempt #10
-   waiting 500ms
-   waiting for element to be visible and enabled
-   element is not visible
- retrying select option action, attempt #11
-   waiting 500ms
-   waiting for element to be visible and enabled
-   element is not visible
- retrying select option action, attempt #12
-   waiting 500ms
-   waiting for element to be visible and enabled
-   element is not visible
- retrying select option action, attempt #13
-   waiting 500ms
-   waiting for element to be visible and enabled
-   element is not visible
- retrying select option action, attempt #14
-   waiting 500ms
-   waiting for element to be visible and enabled
-   element is not visible
- retrying select option action, attempt #15
-   waiting 500ms
-   waiting for element to be visible and enabled
-   element is not visible
- retrying select option action, attempt #16
-   waiting 500ms
-   waiting for element to be visible and enabled
-   element is not visible
- retrying select option action, attempt #17
-   waiting 500ms
-   waiting for element to be visible and enabled
-   element is not visible
- retrying select option action, attempt #18
-   waiting 500ms
-   waiting for element to be visible and enabled
-   element is not visible
- retrying select option action, attempt #19
-   waiting 500ms
-   waiting for element to be visible and enabled
-   element is not visible
- retrying select option action, attempt #20
-   waiting 500ms
-   waiting for element to be visible and enabled
-   element is not visible
- retrying select option action, attempt #21
-   waiting 500ms
-   waiting for element to be visible and enabled
-   element is not visible
- retrying select option action, attempt #22
-   waiting 500ms
-   waiting for element to be visible and enabled
-   element is not visible
- retrying select option action, attempt #23
-   waiting 500ms
-   waiting for element to be visible and enabled
-   element is not visible
- retrying select option action, attempt #24
-   waiting 500ms
-   waiting for element to be visible and enabled
-   element is not visible
- retrying select option action, attempt #25
-   waiting 500ms
-   waiting for element to be visible and enabled
-   element is not visible
- retrying select option action, attempt #26
-   waiting 500ms
-   waiting for element to be visible and enabled
-   element is not visible
- retrying select option action, attempt #27
-   waiting 500ms
-   waiting for element to be visible and enabled
-   element is not visible
- retrying select option action, attempt #28
-   waiting 500ms
-   waiting for element to be visible and enabled
-   element is not visible
- retrying select option action, attempt #29
-   waiting 500ms
-   waiting for element to be visible and enabled
-   element is not visible
- retrying select option action, attempt #30
-   waiting 500ms
-   waiting for element to be visible and enabled
-   element is not visible
- retrying select option action, attempt #31
-   waiting 500ms
-   waiting for element to be visible and enabled
-   element is not visible
- retrying select option action, attempt #32
-   waiting 500ms
-   waiting for element to be visible and enabled
-   element is not visible
- retrying select option action, attempt #33
-   waiting 500ms
-   waiting for element to be visible and enabled
-   element is not visible
- retrying select option action, attempt #34
-   waiting 500ms
-   waiting for element to be visible and enabled
-   element is not visible
- retrying select option action, attempt #35
-   waiting 500ms
-   waiting for element to be visible and enabled
-   element is not visible
- retrying select option action, attempt #36
-   waiting 500ms
-   waiting for element to be visible and enabled
-   element is not visible
- retrying select option action, attempt #37
-   waiting 500ms
-   waiting for element to be visible and enabled
-   element is not visible
- retrying select option action, attempt #38
-   waiting 500ms
-   waiting for element to be visible and enabled
-   element is not visible
- retrying select option action, attempt #39
-   waiting 500ms
-   waiting for element to be visible and enabled
-   element is not visible
- retrying select option action, attempt #40
-   waiting 500ms
-   waiting for element to be visible and enabled
-   element is not visible
- retrying select option action, attempt #41
-   waiting 500ms
-   waiting for element to be visible and enabled
-   element is not visible
- retrying select option action, attempt #42
-   waiting 500ms
-   waiting for element to be visible and enabled
-   element is not visible
- retrying select option action, attempt #43
-   waiting 500ms
-   waiting for element to be visible and enabled
-   element is not visible
- retrying select option action, attempt #44
-   waiting 500ms
-   waiting for element to be visible and enabled
-   element is not visible
- retrying select option action, attempt #45
-   waiting 500ms
-   waiting for element to be visible and enabled
-   element is not visible
- retrying select option action, attempt #46
-   waiting 500ms
-   waiting for element to be visible and enabled
-   element is not visible
- retrying select option action, attempt #47
-   waiting 500ms
-   waiting for element to be visible and enabled
-   element is not visible
- retrying select option action, attempt #48
-   waiting 500ms
-   waiting for element to be visible and enabled
-   element is not visible
- retrying select option action, attempt #49
-   waiting 500ms
-   waiting for element to be visible and enabled
-   element is not visible
- retrying select option action, attempt #50
-   waiting 500ms
-   waiting for element to be visible and enabled
-   element is not visible
- retrying select option action, attempt #51
-   waiting 500ms
-   waiting for element to be visible and enabled
-   element is not visible
- retrying select option action, attempt #52
-   waiting 500ms
-   waiting for element to be visible and enabled
-   element is not visible
- retrying select option action, attempt #53
-   waiting 500ms
-   waiting for element to be visible and enabled
-   element is not visible
- retrying select option action, attempt #54
-   waiting 500ms
-   waiting for element to be visible and enabled
-   element is not visible
- retrying select option action, attempt #55
-   waiting 500ms
-   waiting for element to be visible and enabled
-   element is not visible
- retrying select option action, attempt #56
-   waiting 500ms
-   waiting for element to be visible and enabled
-   element is not visible
- retrying select option action, attempt #57
-   waiting 500ms
-   waiting for element to be visible and enabled
-   element is not visible
- retrying select option action, attempt #58
-   waiting 500ms
-   waiting for element to be visible and enabled
-   element is not visible
- retrying select option action, attempt #59
-   waiting 500ms
-   waiting for element to be visible and enabled
-   element is not visible
- retrying select option action, attempt #60
-   waiting 500ms
-   waiting for element to be visible and enabled
-   element is not visible
- retrying select option action, attempt #61
-   waiting 500ms
-   waiting for element to be visible and enabled
-   element is not visible
- retrying select option action, attempt #62
-   waiting 500ms
" type="com.microsoft.playwright.TimeoutError">
      <![CDATA[com.microsoft.playwright.TimeoutError: Error {
  message='Timeout 30000ms exceeded.
  name='TimeoutError
  stack='TimeoutError: Timeout 30000ms exceeded.
    at ProgressController.run (C:\Users\kaver\AppData\Local\Temp\playwright-java-4533936310448268742\package\lib\server\progress.js:78:26)
    at Frame.selectOption (C:\Users\kaver\AppData\Local\Temp\playwright-java-4533936310448268742\package\lib\server\frames.js:1159:23)
    at FrameDispatcher.selectOption (C:\Users\kaver\AppData\Local\Temp\playwright-java-4533936310448268742\package\lib\server\dispatchers\frameDispatcher.js:242:33)
    at FrameDispatcher._handleCommand (C:\Users\kaver\AppData\Local\Temp\playwright-java-4533936310448268742\package\lib\server\dispatchers\dispatcher.js:94:40)
    at DispatcherConnection.dispatch (C:\Users\kaver\AppData\Local\Temp\playwright-java-4533936310448268742\package\lib\server\dispatchers\dispatcher.js:365:39)
}
Call log:
- waiting for locator("select[name='modelName']")
-   locator resolved to <select name="modelName" class="NewAgentDetail_inputStyl…>…</select>
- attempting select option action
-   waiting for element to be visible and enabled
-   element is not visible
- retrying select option action, attempt #1
-   waiting for element to be visible and enabled
-   element is not visible
- retrying select option action, attempt #2
-   waiting 20ms
-   waiting for element to be visible and enabled
-   element is not visible
- retrying select option action, attempt #3
-   waiting 100ms
-   waiting for element to be visible and enabled
-   element is not visible
- retrying select option action, attempt #4
-   waiting 100ms
-   waiting for element to be visible and enabled
-   element is not visible
- retrying select option action, attempt #5
-   waiting 500ms
-   waiting for element to be visible and enabled
-   element is not visible
- retrying select option action, attempt #6
-   waiting 500ms
-   waiting for element to be visible and enabled
-   element is not visible
- retrying select option action, attempt #7
-   waiting 500ms
-   waiting for element to be visible and enabled
-   element is not visible
- retrying select option action, attempt #8
-   waiting 500ms
-   waiting for element to be visible and enabled
-   element is not visible
- retrying select option action, attempt #9
-   waiting 500ms
-   waiting for element to be visible and enabled
-   element is not visible
- retrying select option action, attempt #10
-   waiting 500ms
-   waiting for element to be visible and enabled
-   element is not visible
- retrying select option action, attempt #11
-   waiting 500ms
-   waiting for element to be visible and enabled
-   element is not visible
- retrying select option action, attempt #12
-   waiting 500ms
-   waiting for element to be visible and enabled
-   element is not visible
- retrying select option action, attempt #13
-   waiting 500ms
-   waiting for element to be visible and enabled
-   element is not visible
- retrying select option action, attempt #14
-   waiting 500ms
-   waiting for element to be visible and enabled
-   element is not visible
- retrying select option action, attempt #15
-   waiting 500ms
-   waiting for element to be visible and enabled
-   element is not visible
- retrying select option action, attempt #16
-   waiting 500ms
-   waiting for element to be visible and enabled
-   element is not visible
- retrying select option action, attempt #17
-   waiting 500ms
-   waiting for element to be visible and enabled
-   element is not visible
- retrying select option action, attempt #18
-   waiting 500ms
-   waiting for element to be visible and enabled
-   element is not visible
- retrying select option action, attempt #19
-   waiting 500ms
-   waiting for element to be visible and enabled
-   element is not visible
- retrying select option action, attempt #20
-   waiting 500ms
-   waiting for element to be visible and enabled
-   element is not visible
- retrying select option action, attempt #21
-   waiting 500ms
-   waiting for element to be visible and enabled
-   element is not visible
- retrying select option action, attempt #22
-   waiting 500ms
-   waiting for element to be visible and enabled
-   element is not visible
- retrying select option action, attempt #23
-   waiting 500ms
-   waiting for element to be visible and enabled
-   element is not visible
- retrying select option action, attempt #24
-   waiting 500ms
-   waiting for element to be visible and enabled
-   element is not visible
- retrying select option action, attempt #25
-   waiting 500ms
-   waiting for element to be visible and enabled
-   element is not visible
- retrying select option action, attempt #26
-   waiting 500ms
-   waiting for element to be visible and enabled
-   element is not visible
- retrying select option action, attempt #27
-   waiting 500ms
-   waiting for element to be visible and enabled
-   element is not visible
- retrying select option action, attempt #28
-   waiting 500ms
-   waiting for element to be visible and enabled
-   element is not visible
- retrying select option action, attempt #29
-   waiting 500ms
-   waiting for element to be visible and enabled
-   element is not visible
- retrying select option action, attempt #30
-   waiting 500ms
-   waiting for element to be visible and enabled
-   element is not visible
- retrying select option action, attempt #31
-   waiting 500ms
-   waiting for element to be visible and enabled
-   element is not visible
- retrying select option action, attempt #32
-   waiting 500ms
-   waiting for element to be visible and enabled
-   element is not visible
- retrying select option action, attempt #33
-   waiting 500ms
-   waiting for element to be visible and enabled
-   element is not visible
- retrying select option action, attempt #34
-   waiting 500ms
-   waiting for element to be visible and enabled
-   element is not visible
- retrying select option action, attempt #35
-   waiting 500ms
-   waiting for element to be visible and enabled
-   element is not visible
- retrying select option action, attempt #36
-   waiting 500ms
-   waiting for element to be visible and enabled
-   element is not visible
- retrying select option action, attempt #37
-   waiting 500ms
-   waiting for element to be visible and enabled
-   element is not visible
- retrying select option action, attempt #38
-   waiting 500ms
-   waiting for element to be visible and enabled
-   element is not visible
- retrying select option action, attempt #39
-   waiting 500ms
-   waiting for element to be visible and enabled
-   element is not visible
- retrying select option action, attempt #40
-   waiting 500ms
-   waiting for element to be visible and enabled
-   element is not visible
- retrying select option action, attempt #41
-   waiting 500ms
-   waiting for element to be visible and enabled
-   element is not visible
- retrying select option action, attempt #42
-   waiting 500ms
-   waiting for element to be visible and enabled
-   element is not visible
- retrying select option action, attempt #43
-   waiting 500ms
-   waiting for element to be visible and enabled
-   element is not visible
- retrying select option action, attempt #44
-   waiting 500ms
-   waiting for element to be visible and enabled
-   element is not visible
- retrying select option action, attempt #45
-   waiting 500ms
-   waiting for element to be visible and enabled
-   element is not visible
- retrying select option action, attempt #46
-   waiting 500ms
-   waiting for element to be visible and enabled
-   element is not visible
- retrying select option action, attempt #47
-   waiting 500ms
-   waiting for element to be visible and enabled
-   element is not visible
- retrying select option action, attempt #48
-   waiting 500ms
-   waiting for element to be visible and enabled
-   element is not visible
- retrying select option action, attempt #49
-   waiting 500ms
-   waiting for element to be visible and enabled
-   element is not visible
- retrying select option action, attempt #50
-   waiting 500ms
-   waiting for element to be visible and enabled
-   element is not visible
- retrying select option action, attempt #51
-   waiting 500ms
-   waiting for element to be visible and enabled
-   element is not visible
- retrying select option action, attempt #52
-   waiting 500ms
-   waiting for element to be visible and enabled
-   element is not visible
- retrying select option action, attempt #53
-   waiting 500ms
-   waiting for element to be visible and enabled
-   element is not visible
- retrying select option action, attempt #54
-   waiting 500ms
-   waiting for element to be visible and enabled
-   element is not visible
- retrying select option action, attempt #55
-   waiting 500ms
-   waiting for element to be visible and enabled
-   element is not visible
- retrying select option action, attempt #56
-   waiting 500ms
-   waiting for element to be visible and enabled
-   element is not visible
- retrying select option action, attempt #57
-   waiting 500ms
-   waiting for element to be visible and enabled
-   element is not visible
- retrying select option action, attempt #58
-   waiting 500ms
-   waiting for element to be visible and enabled
-   element is not visible
- retrying select option action, attempt #59
-   waiting 500ms
-   waiting for element to be visible and enabled
-   element is not visible
- retrying select option action, attempt #60
-   waiting 500ms
-   waiting for element to be visible and enabled
-   element is not visible
- retrying select option action, attempt #61
-   waiting 500ms
-   waiting for element to be visible and enabled
-   element is not visible
- retrying select option action, attempt #62
-   waiting 500ms

at com.microsoft.playwright.impl.WaitableResult.get(WaitableResult.java:52)
at com.microsoft.playwright.impl.ChannelOwner.runUntil(ChannelOwner.java:120)
at com.microsoft.playwright.impl.Connection.sendMessage(Connection.java:130)
at com.microsoft.playwright.impl.ChannelOwner.sendMessage(ChannelOwner.java:106)
at com.microsoft.playwright.impl.FrameImpl.selectOption(FrameImpl.java:722)
at com.microsoft.playwright.impl.FrameImpl.selectOptionImpl(FrameImpl.java:701)
at com.microsoft.playwright.impl.FrameImpl.lambda$selectOption$2(FrameImpl.java:113)
at com.microsoft.playwright.impl.LoggingSupport.withLogging(LoggingSupport.java:47)
at com.microsoft.playwright.impl.ChannelOwner.withLogging(ChannelOwner.java:89)
at com.microsoft.playwright.impl.FrameImpl.selectOption(FrameImpl.java:113)
at com.microsoft.playwright.impl.FrameImpl.selectOption(FrameImpl.java:102)
at com.microsoft.playwright.impl.LocatorImpl.selectOption(LocatorImpl.java:478)
at com.microsoft.playwright.Locator.selectOption(Locator.java:4300)
at com.qa.sstaiframework.pages.Agent_Create.selectConfig(Agent_Create.java:241)
at com.qa.sstaiframework.tests.Agent_CreateTest.testCreateAgent(Agent_CreateTest.java:63)
at java.base/jdk.internal.reflect.NativeMethodAccessorImpl.invoke0(Native Method)
at java.base/jdk.internal.reflect.NativeMethodAccessorImpl.invoke(NativeMethodAccessorImpl.java:77)
at java.base/jdk.internal.reflect.DelegatingMethodAccessorImpl.invoke(DelegatingMethodAccessorImpl.java:43)
at java.base/java.lang.reflect.Method.invoke(Method.java:568)
at org.testng.internal.invokers.MethodInvocationHelper.invokeMethod(MethodInvocationHelper.java:141)
at org.testng.internal.invokers.InvokeMethodRunnable.runOne(InvokeMethodRunnable.java:47)
at org.testng.internal.invokers.InvokeMethodRunnable.call(InvokeMethodRunnable.java:76)
at org.testng.internal.invokers.InvokeMethodRunnable.call(InvokeMethodRunnable.java:11)
at java.base/java.util.concurrent.FutureTask.run(FutureTask.java:264)
at java.base/java.util.concurrent.ThreadPoolExecutor.runWorker(ThreadPoolExecutor.java:1136)
at java.base/java.util.concurrent.ThreadPoolExecutor$Worker.run(ThreadPoolExecutor.java:635)
at java.base/java.lang.Thread.run(Thread.java:833)
Caused by: com.microsoft.playwright.TimeoutError: Error {
  message='Timeout 30000ms exceeded.
  name='TimeoutError
  stack='TimeoutError: Timeout 30000ms exceeded.
    at ProgressController.run (C:\Users\kaver\AppData\Local\Temp\playwright-java-4533936310448268742\package\lib\server\progress.js:78:26)
    at Frame.selectOption (C:\Users\kaver\AppData\Local\Temp\playwright-java-4533936310448268742\package\lib\server\frames.js:1159:23)
    at FrameDispatcher.selectOption (C:\Users\kaver\AppData\Local\Temp\playwright-java-4533936310448268742\package\lib\server\dispatchers\frameDispatcher.js:242:33)
    at FrameDispatcher._handleCommand (C:\Users\kaver\AppData\Local\Temp\playwright-java-4533936310448268742\package\lib\server\dispatchers\dispatcher.js:94:40)
    at DispatcherConnection.dispatch (C:\Users\kaver\AppData\Local\Temp\playwright-java-4533936310448268742\package\lib\server\dispatchers\dispatcher.js:365:39)
}
Call log:
- waiting for locator("select[name='modelName']")
-   locator resolved to <select name="modelName" class="NewAgentDetail_inputStyl…>…</select>
- attempting select option action
-   waiting for element to be visible and enabled
-   element is not visible
- retrying select option action, attempt #1
-   waiting for element to be visible and enabled
-   element is not visible
- retrying select option action, attempt #2
-   waiting 20ms
-   waiting for element to be visible and enabled
-   element is not visible
- retrying select option action, attempt #3
-   waiting 100ms
-   waiting for element to be visible and enabled
-   element is not visible
- retrying select option action, attempt #4
-   waiting 100ms
-   waiting for element to be visible and enabled
-   element is not visible
- retrying select option action, attempt #5
-   waiting 500ms
-   waiting for element to be visible and enabled
-   element is not visible
- retrying select option action, attempt #6
-   waiting 500ms
-   waiting for element to be visible and enabled
-   element is not visible
- retrying select option action, attempt #7
-   waiting 500ms
-   waiting for element to be visible and enabled
-   element is not visible
- retrying select option action, attempt #8
-   waiting 500ms
-   waiting for element to be visible and enabled
-   element is not visible
- retrying select option action, attempt #9
-   waiting 500ms
-   waiting for element to be visible and enabled
-   element is not visible
- retrying select option action, attempt #10
-   waiting 500ms
-   waiting for element to be visible and enabled
-   element is not visible
- retrying select option action, attempt #11
-   waiting 500ms
-   waiting for element to be visible and enabled
-   element is not visible
- retrying select option action, attempt #12
-   waiting 500ms
-   waiting for element to be visible and enabled
-   element is not visible
- retrying select option action, attempt #13
-   waiting 500ms
-   waiting for element to be visible and enabled
-   element is not visible
- retrying select option action, attempt #14
-   waiting 500ms
-   waiting for element to be visible and enabled
-   element is not visible
- retrying select option action, attempt #15
-   waiting 500ms
-   waiting for element to be visible and enabled
-   element is not visible
- retrying select option action, attempt #16
-   waiting 500ms
-   waiting for element to be visible and enabled
-   element is not visible
- retrying select option action, attempt #17
-   waiting 500ms
-   waiting for element to be visible and enabled
-   element is not visible
- retrying select option action, attempt #18
-   waiting 500ms
-   waiting for element to be visible and enabled
-   element is not visible
- retrying select option action, attempt #19
-   waiting 500ms
-   waiting for element to be visible and enabled
-   element is not visible
- retrying select option action, attempt #20
-   waiting 500ms
-   waiting for element to be visible and enabled
-   element is not visible
- retrying select option action, attempt #21
-   waiting 500ms
-   waiting for element to be visible and enabled
-   element is not visible
- retrying select option action, attempt #22
-   waiting 500ms
-   waiting for element to be visible and enabled
-   element is not visible
- retrying select option action, attempt #23
-   waiting 500ms
-   waiting for element to be visible and enabled
-   element is not visible
- retrying select option action, attempt #24
-   waiting 500ms
-   waiting for element to be visible and enabled
-   element is not visible
- retrying select option action, attempt #25
-   waiting 500ms
-   waiting for element to be visible and enabled
-   element is not visible
- retrying select option action, attempt #26
-   waiting 500ms
-   waiting for element to be visible and enabled
-   element is not visible
- retrying select option action, attempt #27
-   waiting 500ms
-   waiting for element to be visible and enabled
-   element is not visible
- retrying select option action, attempt #28
-   waiting 500ms
-   waiting for element to be visible and enabled
-   element is not visible
- retrying select option action, attempt #29
-   waiting 500ms
-   waiting for element to be visible and enabled
-   element is not visible
- retrying select option action, attempt #30
-   waiting 500ms
-   waiting for element to be visible and enabled
-   element is not visible
- retrying select option action, attempt #31
-   waiting 500ms
-   waiting for element to be visible and enabled
-   element is not visible
- retrying select option action, attempt #32
-   waiting 500ms
-   waiting for element to be visible and enabled
-   element is not visible
- retrying select option action, attempt #33
-   waiting 500ms
-   waiting for element to be visible and enabled
-   element is not visible
- retrying select option action, attempt #34
-   waiting 500ms
-   waiting for element to be visible and enabled
-   element is not visible
- retrying select option action, attempt #35
-   waiting 500ms
-   waiting for element to be visible and enabled
-   element is not visible
- retrying select option action, attempt #36
-   waiting 500ms
-   waiting for element to be visible and enabled
-   element is not visible
- retrying select option action, attempt #37
-   waiting 500ms
-   waiting for element to be visible and enabled
-   element is not visible
- retrying select option action, attempt #38
-   waiting 500ms
-   waiting for element to be visible and enabled
-   element is not visible
- retrying select option action, attempt #39
-   waiting 500ms
-   waiting for element to be visible and enabled
-   element is not visible
- retrying select option action, attempt #40
-   waiting 500ms
-   waiting for element to be visible and enabled
-   element is not visible
- retrying select option action, attempt #41
-   waiting 500ms
-   waiting for element to be visible and enabled
-   element is not visible
- retrying select option action, attempt #42
-   waiting 500ms
-   waiting for element to be visible and enabled
-   element is not visible
- retrying select option action, attempt #43
-   waiting 500ms
-   waiting for element to be visible and enabled
-   element is not visible
- retrying select option action, attempt #44
-   waiting 500ms
-   waiting for element to be visible and enabled
-   element is not visible
- retrying select option action, attempt #45
-   waiting 500ms
-   waiting for element to be visible and enabled
-   element is not visible
- retrying select option action, attempt #46
-   waiting 500ms
-   waiting for element to be visible and enabled
-   element is not visible
- retrying select option action, attempt #47
-   waiting 500ms
-   waiting for element to be visible and enabled
-   element is not visible
- retrying select option action, attempt #48
-   waiting 500ms
-   waiting for element to be visible and enabled
-   element is not visible
- retrying select option action, attempt #49
-   waiting 500ms
-   waiting for element to be visible and enabled
-   element is not visible
- retrying select option action, attempt #50
-   waiting 500ms
-   waiting for element to be visible and enabled
-   element is not visible
- retrying select option action, attempt #51
-   waiting 500ms
-   waiting for element to be visible and enabled
-   element is not visible
- retrying select option action, attempt #52
-   waiting 500ms
-   waiting for element to be visible and enabled
-   element is not visible
- retrying select option action, attempt #53
-   waiting 500ms
-   waiting for element to be visible and enabled
-   element is not visible
- retrying select option action, attempt #54
-   waiting 500ms
-   waiting for element to be visible and enabled
-   element is not visible
- retrying select option action, attempt #55
-   waiting 500ms
-   waiting for element to be visible and enabled
-   element is not visible
- retrying select option action, attempt #56
-   waiting 500ms
-   waiting for element to be visible and enabled
-   element is not visible
- retrying select option action, attempt #57
-   waiting 500ms
-   waiting for element to be visible and enabled
-   element is not visible
- retrying select option action, attempt #58
-   waiting 500ms
-   waiting for element to be visible and enabled
-   element is not visible
- retrying select option action, attempt #59
-   waiting 500ms
-   waiting for element to be visible and enabled
-   element is not visible
- retrying select option action, attempt #60
-   waiting 500ms
-   waiting for element to be visible and enabled
-   element is not visible
- retrying select option action, attempt #61
-   waiting 500ms
-   waiting for element to be visible and enabled
-   element is not visible
- retrying select option action, attempt #62
-   waiting 500ms

at com.microsoft.playwright.impl.Connection.dispatch(Connection.java:254)
at com.microsoft.playwright.impl.Connection.processOneMessage(Connection.java:211)
at com.microsoft.playwright.impl.ChannelOwner.runUntil(ChannelOwner.java:118)
... 25 more
]]>
    </error>
  </testcase> <!-- testCreateAgent -->
</testsuite> <!-- com.qa.sstaiframework.tests.Agent_CreateTest -->
