<?xml version="1.0" encoding="UTF-8"?>
<!-- Generated by org.testng.reporters.JUnitReportReporter -->
<testsuite hostname="SSTDEVLT0010" failures="0" tests="3" name="com.qa.sstaiframework.tests.CheckAgentsTest" time="22.594" errors="0" timestamp="2024-12-23T14:52:09 IST" skipped="0">
  <testcase classname="com.qa.sstaiframework.tests.CheckAgentsTest" name="testCheckCreatedAgent" time="3.476"/>
  <testcase classname="com.qa.sstaiframework.tests.CheckAgentsTest" name="testSelectCreatedAgent" time="5.068"/>
  <testcase classname="com.qa.sstaiframework.tests.CheckAgentsTest" name="navigateToSubAgentScreenTest" time="14.050"/>
</testsuite> <!-- com.qa.sstaiframework.tests.CheckAgentsTest -->
