<?xml version="1.0" encoding="UTF-8"?>
<!-- Generated by org.testng.reporters.JUnitReportReporter -->
<testsuite hostname="SSTDEVLT0010" failures="0" tests="9" name="com.qa.sstaiframework.tests.ModulesNavigationTest" time="104.303" errors="2" timestamp="2024-12-20T08:13:12 IST" skipped="0">
  <testcase classname="com.qa.sstaiframework.tests.ModulesNavigationTest" name="createNewProjectTest" time="5.150"/>
  <testcase classname="com.qa.sstaiframework.tests.ModulesNavigationTest" name="agentScreenNavigationTest" time="8.692"/>
  <testcase classname="com.qa.sstaiframework.tests.ModulesNavigationTest" name="modelsScreenNavigationTest" time="15.055">
    <error message="Error {
  message=&#039;Timeout 10000ms exceeded.
  name=&#039;TimeoutError
  stack=&#039;TimeoutError: Timeout 10000ms exceeded.
    at ProgressController.run (C:\Users\kaver\AppData\Local\Temp\playwright-java-2234546619704724271\package\lib\server\progress.js:78:26)
    at Frame.waitForSelector (C:\Users\kaver\AppData\Local\Temp\playwright-java-2234546619704724271\package\lib\server\frames.js:619:23)
    at FrameDispatcher.waitForSelector (C:\Users\kaver\AppData\Local\Temp\playwright-java-2234546619704724271\package\lib\server\dispatchers\frameDispatcher.js:106:103)
    at FrameDispatcher._handleCommand (C:\Users\kaver\AppData\Local\Temp\playwright-java-2234546619704724271\package\lib\server\dispatchers\dispatcher.js:94:40)
    at DispatcherConnection.dispatch (C:\Users\kaver\AppData\Local\Temp\playwright-java-2234546619704724271\package\lib\server\dispatchers\dispatcher.js:365:39)
}
Call log:
- waiting for locator(&quot;//h4[normalize-space()=&#039;Models&#039;]&quot;) to be visible
" type="com.microsoft.playwright.TimeoutError">
      <![CDATA[com.microsoft.playwright.TimeoutError: Error {
  message='Timeout 10000ms exceeded.
  name='TimeoutError
  stack='TimeoutError: Timeout 10000ms exceeded.
    at ProgressController.run (C:\Users\kaver\AppData\Local\Temp\playwright-java-2234546619704724271\package\lib\server\progress.js:78:26)
    at Frame.waitForSelector (C:\Users\kaver\AppData\Local\Temp\playwright-java-2234546619704724271\package\lib\server\frames.js:619:23)
    at FrameDispatcher.waitForSelector (C:\Users\kaver\AppData\Local\Temp\playwright-java-2234546619704724271\package\lib\server\dispatchers\frameDispatcher.js:106:103)
    at FrameDispatcher._handleCommand (C:\Users\kaver\AppData\Local\Temp\playwright-java-2234546619704724271\package\lib\server\dispatchers\dispatcher.js:94:40)
    at DispatcherConnection.dispatch (C:\Users\kaver\AppData\Local\Temp\playwright-java-2234546619704724271\package\lib\server\dispatchers\dispatcher.js:365:39)
}
Call log:
- waiting for locator("//h4[normalize-space()='Models']") to be visible

at com.microsoft.playwright.impl.WaitableResult.get(WaitableResult.java:52)
at com.microsoft.playwright.impl.ChannelOwner.runUntil(ChannelOwner.java:120)
at com.microsoft.playwright.impl.Connection.sendMessage(Connection.java:130)
at com.microsoft.playwright.impl.ChannelOwner.sendMessage(ChannelOwner.java:106)
at com.microsoft.playwright.impl.FrameImpl.waitForSelectorImpl(FrameImpl.java:1060)
at com.microsoft.playwright.impl.FrameImpl.waitForSelectorImpl(FrameImpl.java:1050)
at com.microsoft.playwright.impl.PageImpl.lambda$waitForSelector$93(PageImpl.java:1491)
at com.microsoft.playwright.impl.LoggingSupport.withLogging(LoggingSupport.java:47)
at com.microsoft.playwright.impl.ChannelOwner.withLogging(ChannelOwner.java:89)
at com.microsoft.playwright.impl.PageImpl.waitForSelector(PageImpl.java:1490)
at com.qa.sstaiframework.pages.ModulesNavigation.isModelsScreenVisible(ModulesNavigation.java:85)
at com.qa.sstaiframework.tests.ModulesNavigationTest.modelsScreenNavigationTest(ModulesNavigationTest.java:45)
at java.base/jdk.internal.reflect.NativeMethodAccessorImpl.invoke0(Native Method)
at java.base/jdk.internal.reflect.NativeMethodAccessorImpl.invoke(NativeMethodAccessorImpl.java:77)
at java.base/jdk.internal.reflect.DelegatingMethodAccessorImpl.invoke(DelegatingMethodAccessorImpl.java:43)
at java.base/java.lang.reflect.Method.invoke(Method.java:568)
at org.testng.internal.invokers.MethodInvocationHelper.invokeMethod(MethodInvocationHelper.java:141)
at org.testng.internal.invokers.TestInvoker.invokeMethod(TestInvoker.java:686)
at org.testng.internal.invokers.TestInvoker.invokeTestMethod(TestInvoker.java:230)
at org.testng.internal.invokers.MethodRunner.runInSequence(MethodRunner.java:63)
at org.testng.internal.invokers.TestInvoker$MethodInvocationAgent.invoke(TestInvoker.java:992)
at org.testng.internal.invokers.TestInvoker.invokeTestMethods(TestInvoker.java:203)
at org.testng.internal.invokers.TestMethodWorker.invokeTestMethods(TestMethodWorker.java:154)
at org.testng.internal.invokers.TestMethodWorker.run(TestMethodWorker.java:134)
at java.base/java.util.ArrayList.forEach(ArrayList.java:1511)
at org.testng.TestRunner.privateRun(TestRunner.java:739)
at org.testng.TestRunner.run(TestRunner.java:614)
at org.testng.SuiteRunner.runTest(SuiteRunner.java:421)
at org.testng.SuiteRunner.runSequentially(SuiteRunner.java:413)
at org.testng.SuiteRunner.privateRun(SuiteRunner.java:373)
at org.testng.SuiteRunner.run(SuiteRunner.java:312)
at org.testng.SuiteRunnerWorker.runSuite(SuiteRunnerWorker.java:52)
at org.testng.SuiteRunnerWorker.run(SuiteRunnerWorker.java:95)
at org.testng.TestNG.runSuitesSequentially(TestNG.java:1274)
at org.testng.TestNG.runSuitesLocally(TestNG.java:1208)
at org.testng.TestNG.runSuites(TestNG.java:1112)
at org.testng.TestNG.run(TestNG.java:1079)
at org.testng.remote.AbstractRemoteTestNG.run(AbstractRemoteTestNG.java:115)
at org.testng.remote.RemoteTestNG.initAndRun(RemoteTestNG.java:293)
at org.testng.remote.RemoteTestNG.main(RemoteTestNG.java:91)
Caused by: com.microsoft.playwright.TimeoutError: Error {
  message='Timeout 10000ms exceeded.
  name='TimeoutError
  stack='TimeoutError: Timeout 10000ms exceeded.
    at ProgressController.run (C:\Users\kaver\AppData\Local\Temp\playwright-java-2234546619704724271\package\lib\server\progress.js:78:26)
    at Frame.waitForSelector (C:\Users\kaver\AppData\Local\Temp\playwright-java-2234546619704724271\package\lib\server\frames.js:619:23)
    at FrameDispatcher.waitForSelector (C:\Users\kaver\AppData\Local\Temp\playwright-java-2234546619704724271\package\lib\server\dispatchers\frameDispatcher.js:106:103)
    at FrameDispatcher._handleCommand (C:\Users\kaver\AppData\Local\Temp\playwright-java-2234546619704724271\package\lib\server\dispatchers\dispatcher.js:94:40)
    at DispatcherConnection.dispatch (C:\Users\kaver\AppData\Local\Temp\playwright-java-2234546619704724271\package\lib\server\dispatchers\dispatcher.js:365:39)
}
Call log:
- waiting for locator("//h4[normalize-space()='Models']") to be visible

at com.microsoft.playwright.impl.Connection.dispatch(Connection.java:254)
at com.microsoft.playwright.impl.Connection.processOneMessage(Connection.java:211)
at com.microsoft.playwright.impl.ChannelOwner.runUntil(ChannelOwner.java:118)
... 38 more
]]>
    </error>
  </testcase> <!-- modelsScreenNavigationTest -->
  <testcase classname="com.qa.sstaiframework.tests.ModulesNavigationTest" name="costingScreenNavigationTest" time="16.359"/>
  <testcase classname="com.qa.sstaiframework.tests.ModulesNavigationTest" name="policyScreenNavigationTest" time="10.063"/>
  <testcase classname="com.qa.sstaiframework.tests.ModulesNavigationTest" name="containerServicesScreenNavigationTest" time="8.848"/>
  <testcase classname="com.qa.sstaiframework.tests.ModulesNavigationTest" name="trainAgentsScreenNavigationTest" time="15.046">
    <error message="Error {
  message=&#039;Timeout 10000ms exceeded.
  name=&#039;TimeoutError
  stack=&#039;TimeoutError: Timeout 10000ms exceeded.
    at ProgressController.run (C:\Users\kaver\AppData\Local\Temp\playwright-java-2234546619704724271\package\lib\server\progress.js:78:26)
    at Frame.waitForSelector (C:\Users\kaver\AppData\Local\Temp\playwright-java-2234546619704724271\package\lib\server\frames.js:619:23)
    at FrameDispatcher.waitForSelector (C:\Users\kaver\AppData\Local\Temp\playwright-java-2234546619704724271\package\lib\server\dispatchers\frameDispatcher.js:106:103)
    at FrameDispatcher._handleCommand (C:\Users\kaver\AppData\Local\Temp\playwright-java-2234546619704724271\package\lib\server\dispatchers\dispatcher.js:94:40)
    at DispatcherConnection.dispatch (C:\Users\kaver\AppData\Local\Temp\playwright-java-2234546619704724271\package\lib\server\dispatchers\dispatcher.js:365:39)
}
Call log:
- waiting for locator(&quot;//h4[normalize-space()=&#039;Trained Agents&#039;]&quot;) to be visible
" type="com.microsoft.playwright.TimeoutError">
      <![CDATA[com.microsoft.playwright.TimeoutError: Error {
  message='Timeout 10000ms exceeded.
  name='TimeoutError
  stack='TimeoutError: Timeout 10000ms exceeded.
    at ProgressController.run (C:\Users\kaver\AppData\Local\Temp\playwright-java-2234546619704724271\package\lib\server\progress.js:78:26)
    at Frame.waitForSelector (C:\Users\kaver\AppData\Local\Temp\playwright-java-2234546619704724271\package\lib\server\frames.js:619:23)
    at FrameDispatcher.waitForSelector (C:\Users\kaver\AppData\Local\Temp\playwright-java-2234546619704724271\package\lib\server\dispatchers\frameDispatcher.js:106:103)
    at FrameDispatcher._handleCommand (C:\Users\kaver\AppData\Local\Temp\playwright-java-2234546619704724271\package\lib\server\dispatchers\dispatcher.js:94:40)
    at DispatcherConnection.dispatch (C:\Users\kaver\AppData\Local\Temp\playwright-java-2234546619704724271\package\lib\server\dispatchers\dispatcher.js:365:39)
}
Call log:
- waiting for locator("//h4[normalize-space()='Trained Agents']") to be visible

at com.microsoft.playwright.impl.WaitableResult.get(WaitableResult.java:52)
at com.microsoft.playwright.impl.ChannelOwner.runUntil(ChannelOwner.java:120)
at com.microsoft.playwright.impl.Connection.sendMessage(Connection.java:130)
at com.microsoft.playwright.impl.ChannelOwner.sendMessage(ChannelOwner.java:106)
at com.microsoft.playwright.impl.FrameImpl.waitForSelectorImpl(FrameImpl.java:1060)
at com.microsoft.playwright.impl.FrameImpl.waitForSelectorImpl(FrameImpl.java:1050)
at com.microsoft.playwright.impl.PageImpl.lambda$waitForSelector$93(PageImpl.java:1491)
at com.microsoft.playwright.impl.LoggingSupport.withLogging(LoggingSupport.java:47)
at com.microsoft.playwright.impl.ChannelOwner.withLogging(ChannelOwner.java:89)
at com.microsoft.playwright.impl.PageImpl.waitForSelector(PageImpl.java:1490)
at com.qa.sstaiframework.pages.ModulesNavigation.isTrainAgentsScreenVisible(ModulesNavigation.java:151)
at com.qa.sstaiframework.tests.ModulesNavigationTest.trainAgentsScreenNavigationTest(ModulesNavigationTest.java:81)
at java.base/jdk.internal.reflect.NativeMethodAccessorImpl.invoke0(Native Method)
at java.base/jdk.internal.reflect.NativeMethodAccessorImpl.invoke(NativeMethodAccessorImpl.java:77)
at java.base/jdk.internal.reflect.DelegatingMethodAccessorImpl.invoke(DelegatingMethodAccessorImpl.java:43)
at java.base/java.lang.reflect.Method.invoke(Method.java:568)
at org.testng.internal.invokers.MethodInvocationHelper.invokeMethod(MethodInvocationHelper.java:141)
at org.testng.internal.invokers.TestInvoker.invokeMethod(TestInvoker.java:686)
at org.testng.internal.invokers.TestInvoker.invokeTestMethod(TestInvoker.java:230)
at org.testng.internal.invokers.MethodRunner.runInSequence(MethodRunner.java:63)
at org.testng.internal.invokers.TestInvoker$MethodInvocationAgent.invoke(TestInvoker.java:992)
at org.testng.internal.invokers.TestInvoker.invokeTestMethods(TestInvoker.java:203)
at org.testng.internal.invokers.TestMethodWorker.invokeTestMethods(TestMethodWorker.java:154)
at org.testng.internal.invokers.TestMethodWorker.run(TestMethodWorker.java:134)
at java.base/java.util.ArrayList.forEach(ArrayList.java:1511)
at org.testng.TestRunner.privateRun(TestRunner.java:739)
at org.testng.TestRunner.run(TestRunner.java:614)
at org.testng.SuiteRunner.runTest(SuiteRunner.java:421)
at org.testng.SuiteRunner.runSequentially(SuiteRunner.java:413)
at org.testng.SuiteRunner.privateRun(SuiteRunner.java:373)
at org.testng.SuiteRunner.run(SuiteRunner.java:312)
at org.testng.SuiteRunnerWorker.runSuite(SuiteRunnerWorker.java:52)
at org.testng.SuiteRunnerWorker.run(SuiteRunnerWorker.java:95)
at org.testng.TestNG.runSuitesSequentially(TestNG.java:1274)
at org.testng.TestNG.runSuitesLocally(TestNG.java:1208)
at org.testng.TestNG.runSuites(TestNG.java:1112)
at org.testng.TestNG.run(TestNG.java:1079)
at org.testng.remote.AbstractRemoteTestNG.run(AbstractRemoteTestNG.java:115)
at org.testng.remote.RemoteTestNG.initAndRun(RemoteTestNG.java:293)
at org.testng.remote.RemoteTestNG.main(RemoteTestNG.java:91)
Caused by: com.microsoft.playwright.TimeoutError: Error {
  message='Timeout 10000ms exceeded.
  name='TimeoutError
  stack='TimeoutError: Timeout 10000ms exceeded.
    at ProgressController.run (C:\Users\kaver\AppData\Local\Temp\playwright-java-2234546619704724271\package\lib\server\progress.js:78:26)
    at Frame.waitForSelector (C:\Users\kaver\AppData\Local\Temp\playwright-java-2234546619704724271\package\lib\server\frames.js:619:23)
    at FrameDispatcher.waitForSelector (C:\Users\kaver\AppData\Local\Temp\playwright-java-2234546619704724271\package\lib\server\dispatchers\frameDispatcher.js:106:103)
    at FrameDispatcher._handleCommand (C:\Users\kaver\AppData\Local\Temp\playwright-java-2234546619704724271\package\lib\server\dispatchers\dispatcher.js:94:40)
    at DispatcherConnection.dispatch (C:\Users\kaver\AppData\Local\Temp\playwright-java-2234546619704724271\package\lib\server\dispatchers\dispatcher.js:365:39)
}
Call log:
- waiting for locator("//h4[normalize-space()='Trained Agents']") to be visible

at com.microsoft.playwright.impl.Connection.dispatch(Connection.java:254)
at com.microsoft.playwright.impl.Connection.processOneMessage(Connection.java:211)
at com.microsoft.playwright.impl.ChannelOwner.runUntil(ChannelOwner.java:118)
... 38 more
]]>
    </error>
  </testcase> <!-- trainAgentsScreenNavigationTest -->
  <testcase classname="com.qa.sstaiframework.tests.ModulesNavigationTest" name="chatScreenNavigationTest" time="19.629"/>
  <testcase classname="com.qa.sstaiframework.tests.ModulesNavigationTest" name="logoutTest" time="5.461"/>
</testsuite> <!-- com.qa.sstaiframework.tests.ModulesNavigationTest -->
